<?xml version="1.0" encoding="UTF-8"?>
<!-- Generated by org.testng.reporters.JUnitXMLReporter -->
<testsuite hostname="DESKTOP-OBATTFL" ignored="0" name="Surefire test" tests="4" failures="0" timestamp="05 Sep 2017 11:51:57 GMT" time="0.174" errors="0">
  <testcase name="testCreate" time="0.007" classname="com.tristan.transcriptreviewsystem.repositories.AudioClipRepositoryTest"/>
  <testcase name="testDelete" time="0.001" classname="com.tristan.transcriptreviewsystem.repositories.AudioClipRepositoryTest"/>
  <testcase name="testRead" time="0.0" classname="com.tristan.transcriptreviewsystem.repositories.AudioClipRepositoryTest"/>
  <testcase name="testUpdate" time="0.0" classname="com.tristan.transcriptreviewsystem.repositories.AudioClipRepositoryTest"/>
</testsuite> <!-- Surefire test -->
