<?xml version="1.0" encoding="UTF-8"?>
<testng-results skipped="0" failed="0" ignored="0" total="4" passed="4">
  <reporter-output>
  </reporter-output>
  <suite name="Surefire suite" duration-ms="174" started-at="2017-09-05T11:51:56Z" finished-at="2017-09-05T11:51:56Z">
    <groups>
    </groups>
    <test name="Surefire test" duration-ms="174" started-at="2017-09-05T11:51:56Z" finished-at="2017-09-05T11:51:56Z">
      <class name="com.tristan.transcriptreviewsystem.repositories.AudioClipRepositoryTest">
        <test-method status="PASS" signature="setUp()[pri:0, instance:com.tristan.transcriptreviewsystem.repositories.AudioClipRepositoryTest@edf4efb]" name="setUp" is-config="true" duration-ms="108" started-at="2017-09-05T13:51:56Z" finished-at="2017-09-05T13:51:56Z">
          <reporter-output>
          </reporter-output>
        </test-method> <!-- setUp -->
        <test-method status="PASS" signature="testCreate()[pri:0, instance:com.tristan.transcriptreviewsystem.repositories.AudioClipRepositoryTest@edf4efb]" name="testCreate" duration-ms="7" started-at="2017-09-05T13:51:56Z" finished-at="2017-09-05T13:51:56Z">
          <reporter-output>
          </reporter-output>
        </test-method> <!-- testCreate -->
        <test-method status="PASS" signature="setUp()[pri:0, instance:com.tristan.transcriptreviewsystem.repositories.AudioClipRepositoryTest@edf4efb]" name="setUp" is-config="true" duration-ms="0" started-at="2017-09-05T13:51:56Z" finished-at="2017-09-05T13:51:56Z">
          <reporter-output>
          </reporter-output>
        </test-method> <!-- setUp -->
        <test-method status="PASS" signature="testDelete()[pri:0, instance:com.tristan.transcriptreviewsystem.repositories.AudioClipRepositoryTest@edf4efb]" name="testDelete" duration-ms="1" started-at="2017-09-05T13:51:56Z" depends-on-methods="com.tristan.transcriptreviewsystem.repositories.AudioClipRepositoryTest.testCreate" finished-at="2017-09-05T13:51:56Z">
          <reporter-output>
          </reporter-output>
        </test-method> <!-- testDelete -->
        <test-method status="PASS" signature="setUp()[pri:0, instance:com.tristan.transcriptreviewsystem.repositories.AudioClipRepositoryTest@edf4efb]" name="setUp" is-config="true" duration-ms="1" started-at="2017-09-05T13:51:56Z" finished-at="2017-09-05T13:51:56Z">
          <reporter-output>
          </reporter-output>
        </test-method> <!-- setUp -->
        <test-method status="PASS" signature="testRead()[pri:0, instance:com.tristan.transcriptreviewsystem.repositories.AudioClipRepositoryTest@edf4efb]" name="testRead" duration-ms="0" started-at="2017-09-05T13:51:56Z" depends-on-methods="com.tristan.transcriptreviewsystem.repositories.AudioClipRepositoryTest.testCreate" finished-at="2017-09-05T13:51:56Z">
          <reporter-output>
          </reporter-output>
        </test-method> <!-- testRead -->
        <test-method status="PASS" signature="setUp()[pri:0, instance:com.tristan.transcriptreviewsystem.repositories.AudioClipRepositoryTest@edf4efb]" name="setUp" is-config="true" duration-ms="0" started-at="2017-09-05T13:51:56Z" finished-at="2017-09-05T13:51:56Z">
          <reporter-output>
          </reporter-output>
        </test-method> <!-- setUp -->
        <test-method status="PASS" signature="testUpdate()[pri:0, instance:com.tristan.transcriptreviewsystem.repositories.AudioClipRepositoryTest@edf4efb]" name="testUpdate" duration-ms="0" started-at="2017-09-05T13:51:56Z" depends-on-methods="com.tristan.transcriptreviewsystem.repositories.AudioClipRepositoryTest.testCreate" finished-at="2017-09-05T13:51:56Z">
          <reporter-output>
          </reporter-output>
        </test-method> <!-- testUpdate -->
      </class> <!-- com.tristan.transcriptreviewsystem.repositories.AudioClipRepositoryTest -->
    </test> <!-- Surefire test -->
  </suite> <!-- Surefire suite -->
</testng-results>
