<?xml version="1.0" encoding="UTF-8"?>
<testsuite name="TestSuite" time="0.268" tests="48" errors="0" skipped="0" failures="0">
  <properties>
[...]
</properties>
  <testcase name="testCreate" classname="com.tristan.transcriptreviewsystem.repositories.AudioClipRepositoryTest" time="0.007"/>
  <testcase name="testDelete" classname="com.tristan.transcriptreviewsystem.repositories.AudioClipRepositoryTest" time="0"/>
  <testcase name="testRead" classname="com.tristan.transcriptreviewsystem.repositories.AudioClipRepositoryTest" time="0.001"/>
  <testcase name="testUpdate" classname="com.tristan.transcriptreviewsystem.repositories.AudioClipRepositoryTest" time="0.001"/>
  <testcase name="testApp on testApp(com.tristan.transcriptreviewsystem.AppTest)" classname="com.tristan.transcriptreviewsystem.AppTest" time="0.002"/>
  <testcase name="getAudioClip on getAudioClip(com.tristan.transcriptreviewsystem.factories.AudioClipFactoryTest)" classname="com.tristan.transcriptreviewsystem.factories.AudioClipFactoryTest" time="0.001"/>
  <testcase name="getManager on getManager(com.tristan.transcriptreviewsystem.factories.ManagerFactoryTest)" classname="com.tristan.transcriptreviewsystem.factories.ManagerFactoryTest" time="0.02"/>
  <testcase name="getMeeting on getMeeting(com.tristan.transcriptreviewsystem.factories.MeetingFactoryTest)" classname="com.tristan.transcriptreviewsystem.factories.MeetingFactoryTest" time="0.026"/>
  <testcase name="getParticipant on getParticipant(com.tristan.transcriptreviewsystem.factories.ParticipantFactoryTest)" classname="com.tristan.transcriptreviewsystem.factories.ParticipantFactoryTest" time="0.009"/>
  <testcase name="getReview on getReview(com.tristan.transcriptreviewsystem.factories.ReviewFactoryTest)" classname="com.tristan.transcriptreviewsystem.factories.ReviewFactoryTest" time="0.044"/>
  <testcase name="getReviewRecord on getReviewRecord(com.tristan.transcriptreviewsystem.factories.ReviewRecordFactoryTest)" classname="com.tristan.transcriptreviewsystem.factories.ReviewRecordFactoryTest" time="0.041"/>
  <testcase name="getTranscript on getTranscript(com.tristan.transcriptreviewsystem.factories.TranscriptFactoryTest)" classname="com.tristan.transcriptreviewsystem.factories.TranscriptFactoryTest" time="0.054"/>
  <testcase name="getUser on getUser(com.tristan.transcriptreviewsystem.factories.UserFactoryTest)" classname="com.tristan.transcriptreviewsystem.factories.UserFactoryTest" time="0.049"/>
  <testcase name="create on create(com.tristan.transcriptreviewsystem.repositories.ManagerRepositoryTest)" classname="com.tristan.transcriptreviewsystem.repositories.ManagerRepositoryTest" time="0"/>
  <testcase name="delete on delete(com.tristan.transcriptreviewsystem.repositories.ManagerRepositoryTest)" classname="com.tristan.transcriptreviewsystem.repositories.ManagerRepositoryTest" time="0"/>
  <testcase name="update on update(com.tristan.transcriptreviewsystem.repositories.ManagerRepositoryTest)" classname="com.tristan.transcriptreviewsystem.repositories.ManagerRepositoryTest" time="0"/>
  <testcase name="read on read(com.tristan.transcriptreviewsystem.repositories.ManagerRepositoryTest)" classname="com.tristan.transcriptreviewsystem.repositories.ManagerRepositoryTest" time="0"/>
  <testcase name="create on create(com.tristan.transcriptreviewsystem.repositories.MeetingRepositoryTest)" classname="com.tristan.transcriptreviewsystem.repositories.MeetingRepositoryTest" time="0"/>
  <testcase name="delete on delete(com.tristan.transcriptreviewsystem.repositories.MeetingRepositoryTest)" classname="com.tristan.transcriptreviewsystem.repositories.MeetingRepositoryTest" time="0.001"/>
  <testcase name="update on update(com.tristan.transcriptreviewsystem.repositories.MeetingRepositoryTest)" classname="com.tristan.transcriptreviewsystem.repositories.MeetingRepositoryTest" time="0"/>
  <testcase name="read on read(com.tristan.transcriptreviewsystem.repositories.MeetingRepositoryTest)" classname="com.tristan.transcriptreviewsystem.repositories.MeetingRepositoryTest" time="0.001"/>
  <testcase name="create on create(com.tristan.transcriptreviewsystem.repositories.ParticipantRepositoryTest)" classname="com.tristan.transcriptreviewsystem.repositories.ParticipantRepositoryTest" time="0"/>
  <testcase name="delete on delete(com.tristan.transcriptreviewsystem.repositories.ParticipantRepositoryTest)" classname="com.tristan.transcriptreviewsystem.repositories.ParticipantRepositoryTest" time="0.001"/>
  <testcase name="update on update(com.tristan.transcriptreviewsystem.repositories.ParticipantRepositoryTest)" classname="com.tristan.transcriptreviewsystem.repositories.ParticipantRepositoryTest" time="0"/>
  <testcase name="read on read(com.tristan.transcriptreviewsystem.repositories.ParticipantRepositoryTest)" classname="com.tristan.transcriptreviewsystem.repositories.ParticipantRepositoryTest" time="0"/>
  <testcase name="create on create(com.tristan.transcriptreviewsystem.repositories.ReviewRepositoryTest)" classname="com.tristan.transcriptreviewsystem.repositories.ReviewRepositoryTest" time="0"/>
  <testcase name="delete on delete(com.tristan.transcriptreviewsystem.repositories.ReviewRepositoryTest)" classname="com.tristan.transcriptreviewsystem.repositories.ReviewRepositoryTest" time="0.001"/>
  <testcase name="update on update(com.tristan.transcriptreviewsystem.repositories.ReviewRepositoryTest)" classname="com.tristan.transcriptreviewsystem.repositories.ReviewRepositoryTest" time="0"/>
  <testcase name="read on read(com.tristan.transcriptreviewsystem.repositories.ReviewRepositoryTest)" classname="com.tristan.transcriptreviewsystem.repositories.ReviewRepositoryTest" time="0.001"/>
  <testcase name="create on create(com.tristan.transcriptreviewsystem.repositories.TranscriptRepositoryTest)" classname="com.tristan.transcriptreviewsystem.repositories.TranscriptRepositoryTest" time="0"/>
  <testcase name="delete on delete(com.tristan.transcriptreviewsystem.repositories.TranscriptRepositoryTest)" classname="com.tristan.transcriptreviewsystem.repositories.TranscriptRepositoryTest" time="0.001"/>
  <testcase name="update on update(com.tristan.transcriptreviewsystem.repositories.TranscriptRepositoryTest)" classname="com.tristan.transcriptreviewsystem.repositories.TranscriptRepositoryTest" time="0"/>
  <testcase name="read on read(com.tristan.transcriptreviewsystem.repositories.TranscriptRepositoryTest)" classname="com.tristan.transcriptreviewsystem.repositories.TranscriptRepositoryTest" time="0.001"/>
  <testcase name="create on create(com.tristan.transcriptreviewsystem.repositories.UserRepositoryTest)" classname="com.tristan.transcriptreviewsystem.repositories.UserRepositoryTest" time="0"/>
  <testcase name="delete on delete(com.tristan.transcriptreviewsystem.repositories.UserRepositoryTest)" classname="com.tristan.transcriptreviewsystem.repositories.UserRepositoryTest" time="0"/>
  <testcase name="update on update(com.tristan.transcriptreviewsystem.repositories.UserRepositoryTest)" classname="com.tristan.transcriptreviewsystem.repositories.UserRepositoryTest" time="0"/>
  <testcase name="read on read(com.tristan.transcriptreviewsystem.repositories.UserRepositoryTest)" classname="com.tristan.transcriptreviewsystem.repositories.UserRepositoryTest" time="0"/>
  <testcase name="calculateTotal on calculateTotal(com.tristan.transcriptreviewsystem.services.NewReviewTest)" classname="com.tristan.transcriptreviewsystem.services.NewReviewTest" time="0.001"/>
  <testcase name="invertLoss_of_meaning on invertLoss_of_meaning(com.tristan.transcriptreviewsystem.services.NewReviewTest)" classname="com.tristan.transcriptreviewsystem.services.NewReviewTest" time="0"/>
  <testcase name="generateReview on generateReview(com.tristan.transcriptreviewsystem.services.NewReviewTest)" classname="com.tristan.transcriptreviewsystem.services.NewReviewTest" time="0.001"/>
  <testcase name="findStrongestUser on findStrongestUser(com.tristan.transcriptreviewsystem.services.SkillAssessorTest)" classname="com.tristan.transcriptreviewsystem.services.SkillAssessorTest" time="0.001"/>
  <testcase name="findWeakness on findWeakness(com.tristan.transcriptreviewsystem.services.SkillAssessorTest)" classname="com.tristan.transcriptreviewsystem.services.SkillAssessorTest" time="0.001"/>
  <testcase name="findWeakestUser on findWeakestUser(com.tristan.transcriptreviewsystem.services.SkillAssessorTest)" classname="com.tristan.transcriptreviewsystem.services.SkillAssessorTest" time="0"/>
  <testcase name="findStrength on findStrength(com.tristan.transcriptreviewsystem.services.SkillAssessorTest)" classname="com.tristan.transcriptreviewsystem.services.SkillAssessorTest" time="0"/>
  <testcase name="createUserMap on createUserMap(com.tristan.transcriptreviewsystem.services.SkillAssessorTest)" classname="com.tristan.transcriptreviewsystem.services.SkillAssessorTest" time="0"/>
  <testcase name="newReviewRecord on newReviewRecord(com.tristan.transcriptreviewsystem.services.UpdateReviewRecordTest)" classname="com.tristan.transcriptreviewsystem.services.UpdateReviewRecordTest" time="0.001"/>
  <testcase name="calculateNewScores on calculateNewScores(com.tristan.transcriptreviewsystem.services.UpdateReviewRecordTest)" classname="com.tristan.transcriptreviewsystem.services.UpdateReviewRecordTest" time="0"/>
  <testcase name="createValuesMap on createValuesMap(com.tristan.transcriptreviewsystem.services.UpdateReviewRecordTest)" classname="com.tristan.transcriptreviewsystem.services.UpdateReviewRecordTest" time="0.001"/>
</testsuite>