<?xml version="1.0" encoding="UTF-8"?>
<!-- Generated by org.testng.reporters.JUnitXMLReporter -->
<testsuite hostname="DESKTOP-OBATTFL" ignored="0" name="Surefire test" tests="44" failures="0" timestamp="05 Sep 2017 11:51:58 GMT" time="0.888" errors="0">
  <testcase name="testApp on testApp(com.tristan.transcriptreviewsystem.AppTest)" time="0.044" classname="com.tristan.transcriptreviewsystem.AppTest"/>
  <testcase name="getAudioClip on getAudioClip(com.tristan.transcriptreviewsystem.factories.AudioClipFactoryTest)" time="0.01" classname="com.tristan.transcriptreviewsystem.factories.AudioClipFactoryTest"/>
  <testcase name="getManager on getManager(com.tristan.transcriptreviewsystem.factories.ManagerFactoryTest)" time="0.021" classname="com.tristan.transcriptreviewsystem.factories.ManagerFactoryTest"/>
  <testcase name="getMeeting on getMeeting(com.tristan.transcriptreviewsystem.factories.MeetingFactoryTest)" time="0.026" classname="com.tristan.transcriptreviewsystem.factories.MeetingFactoryTest"/>
  <testcase name="getParticipant on getParticipant(com.tristan.transcriptreviewsystem.factories.ParticipantFactoryTest)" time="0.009" classname="com.tristan.transcriptreviewsystem.factories.ParticipantFactoryTest"/>
  <testcase name="getReview on getReview(com.tristan.transcriptreviewsystem.factories.ReviewFactoryTest)" time="0.044" classname="com.tristan.transcriptreviewsystem.factories.ReviewFactoryTest"/>
  <testcase name="getReviewRecord on getReviewRecord(com.tristan.transcriptreviewsystem.factories.ReviewRecordFactoryTest)" time="0.041" classname="com.tristan.transcriptreviewsystem.factories.ReviewRecordFactoryTest"/>
  <testcase name="getTranscript on getTranscript(com.tristan.transcriptreviewsystem.factories.TranscriptFactoryTest)" time="0.054" classname="com.tristan.transcriptreviewsystem.factories.TranscriptFactoryTest"/>
  <testcase name="getUser on getUser(com.tristan.transcriptreviewsystem.factories.UserFactoryTest)" time="0.05" classname="com.tristan.transcriptreviewsystem.factories.UserFactoryTest"/>
  <testcase name="create on create(com.tristan.transcriptreviewsystem.repositories.ManagerRepositoryTest)" time="0.002" classname="com.tristan.transcriptreviewsystem.repositories.ManagerRepositoryTest"/>
  <testcase name="delete on delete(com.tristan.transcriptreviewsystem.repositories.ManagerRepositoryTest)" time="0.003" classname="com.tristan.transcriptreviewsystem.repositories.ManagerRepositoryTest"/>
  <testcase name="update on update(com.tristan.transcriptreviewsystem.repositories.ManagerRepositoryTest)" time="0.002" classname="com.tristan.transcriptreviewsystem.repositories.ManagerRepositoryTest"/>
  <testcase name="read on read(com.tristan.transcriptreviewsystem.repositories.ManagerRepositoryTest)" time="0.003" classname="com.tristan.transcriptreviewsystem.repositories.ManagerRepositoryTest"/>
  <testcase name="create on create(com.tristan.transcriptreviewsystem.repositories.MeetingRepositoryTest)" time="0.002" classname="com.tristan.transcriptreviewsystem.repositories.MeetingRepositoryTest"/>
  <testcase name="delete on delete(com.tristan.transcriptreviewsystem.repositories.MeetingRepositoryTest)" time="0.002" classname="com.tristan.transcriptreviewsystem.repositories.MeetingRepositoryTest"/>
  <testcase name="update on update(com.tristan.transcriptreviewsystem.repositories.MeetingRepositoryTest)" time="0.002" classname="com.tristan.transcriptreviewsystem.repositories.MeetingRepositoryTest"/>
  <testcase name="read on read(com.tristan.transcriptreviewsystem.repositories.MeetingRepositoryTest)" time="0.002" classname="com.tristan.transcriptreviewsystem.repositories.MeetingRepositoryTest"/>
  <testcase name="create on create(com.tristan.transcriptreviewsystem.repositories.ParticipantRepositoryTest)" time="0.002" classname="com.tristan.transcriptreviewsystem.repositories.ParticipantRepositoryTest"/>
  <testcase name="delete on delete(com.tristan.transcriptreviewsystem.repositories.ParticipantRepositoryTest)" time="0.002" classname="com.tristan.transcriptreviewsystem.repositories.ParticipantRepositoryTest"/>
  <testcase name="update on update(com.tristan.transcriptreviewsystem.repositories.ParticipantRepositoryTest)" time="0.002" classname="com.tristan.transcriptreviewsystem.repositories.ParticipantRepositoryTest"/>
  <testcase name="read on read(com.tristan.transcriptreviewsystem.repositories.ParticipantRepositoryTest)" time="0.002" classname="com.tristan.transcriptreviewsystem.repositories.ParticipantRepositoryTest"/>
  <testcase name="create on create(com.tristan.transcriptreviewsystem.repositories.ReviewRepositoryTest)" time="0.002" classname="com.tristan.transcriptreviewsystem.repositories.ReviewRepositoryTest"/>
  <testcase name="delete on delete(com.tristan.transcriptreviewsystem.repositories.ReviewRepositoryTest)" time="0.002" classname="com.tristan.transcriptreviewsystem.repositories.ReviewRepositoryTest"/>
  <testcase name="update on update(com.tristan.transcriptreviewsystem.repositories.ReviewRepositoryTest)" time="0.002" classname="com.tristan.transcriptreviewsystem.repositories.ReviewRepositoryTest"/>
  <testcase name="read on read(com.tristan.transcriptreviewsystem.repositories.ReviewRepositoryTest)" time="0.002" classname="com.tristan.transcriptreviewsystem.repositories.ReviewRepositoryTest"/>
  <testcase name="create on create(com.tristan.transcriptreviewsystem.repositories.TranscriptRepositoryTest)" time="0.002" classname="com.tristan.transcriptreviewsystem.repositories.TranscriptRepositoryTest"/>
  <testcase name="delete on delete(com.tristan.transcriptreviewsystem.repositories.TranscriptRepositoryTest)" time="0.002" classname="com.tristan.transcriptreviewsystem.repositories.TranscriptRepositoryTest"/>
  <testcase name="update on update(com.tristan.transcriptreviewsystem.repositories.TranscriptRepositoryTest)" time="0.003" classname="com.tristan.transcriptreviewsystem.repositories.TranscriptRepositoryTest"/>
  <testcase name="read on read(com.tristan.transcriptreviewsystem.repositories.TranscriptRepositoryTest)" time="0.002" classname="com.tristan.transcriptreviewsystem.repositories.TranscriptRepositoryTest"/>
  <testcase name="create on create(com.tristan.transcriptreviewsystem.repositories.UserRepositoryTest)" time="0.002" classname="com.tristan.transcriptreviewsystem.repositories.UserRepositoryTest"/>
  <testcase name="delete on delete(com.tristan.transcriptreviewsystem.repositories.UserRepositoryTest)" time="0.002" classname="com.tristan.transcriptreviewsystem.repositories.UserRepositoryTest"/>
  <testcase name="update on update(com.tristan.transcriptreviewsystem.repositories.UserRepositoryTest)" time="0.002" classname="com.tristan.transcriptreviewsystem.repositories.UserRepositoryTest"/>
  <testcase name="read on read(com.tristan.transcriptreviewsystem.repositories.UserRepositoryTest)" time="0.003" classname="com.tristan.transcriptreviewsystem.repositories.UserRepositoryTest"/>
  <testcase name="calculateTotal on calculateTotal(com.tristan.transcriptreviewsystem.services.NewReviewTest)" time="0.001" classname="com.tristan.transcriptreviewsystem.services.NewReviewTest"/>
  <testcase name="invertLoss_of_meaning on invertLoss_of_meaning(com.tristan.transcriptreviewsystem.services.NewReviewTest)" time="0.002" classname="com.tristan.transcriptreviewsystem.services.NewReviewTest"/>
  <testcase name="generateReview on generateReview(com.tristan.transcriptreviewsystem.services.NewReviewTest)" time="0.002" classname="com.tristan.transcriptreviewsystem.services.NewReviewTest"/>
  <testcase name="findStrongestUser on findStrongestUser(com.tristan.transcriptreviewsystem.services.SkillAssessorTest)" time="0.003" classname="com.tristan.transcriptreviewsystem.services.SkillAssessorTest"/>
  <testcase name="findWeakness on findWeakness(com.tristan.transcriptreviewsystem.services.SkillAssessorTest)" time="0.003" classname="com.tristan.transcriptreviewsystem.services.SkillAssessorTest"/>
  <testcase name="findWeakestUser on findWeakestUser(com.tristan.transcriptreviewsystem.services.SkillAssessorTest)" time="0.004" classname="com.tristan.transcriptreviewsystem.services.SkillAssessorTest"/>
  <testcase name="findStrength on findStrength(com.tristan.transcriptreviewsystem.services.SkillAssessorTest)" time="0.003" classname="com.tristan.transcriptreviewsystem.services.SkillAssessorTest"/>
  <testcase name="createUserMap on createUserMap(com.tristan.transcriptreviewsystem.services.SkillAssessorTest)" time="0.004" classname="com.tristan.transcriptreviewsystem.services.SkillAssessorTest"/>
  <testcase name="newReviewRecord on newReviewRecord(com.tristan.transcriptreviewsystem.services.UpdateReviewRecordTest)" time="0.001" classname="com.tristan.transcriptreviewsystem.services.UpdateReviewRecordTest"/>
  <testcase name="calculateNewScores on calculateNewScores(com.tristan.transcriptreviewsystem.services.UpdateReviewRecordTest)" time="0.002" classname="com.tristan.transcriptreviewsystem.services.UpdateReviewRecordTest"/>
  <testcase name="createValuesMap on createValuesMap(com.tristan.transcriptreviewsystem.services.UpdateReviewRecordTest)" time="0.002" classname="com.tristan.transcriptreviewsystem.services.UpdateReviewRecordTest"/>
</testsuite> <!-- Surefire test -->
